::1 - - [24/Jul/2020:02:47:47 +0000] "GET /api/news HTTP/1.1" 200 2 "-" "PostmanRuntime/7.26.2"
::1 - - [24/Jul/2020:02:55:07 +0000] "POST /api/news/cretae-news HTTP/1.1" 200 2 "-" "PostmanRuntime/7.26.2"
::1 - - [24/Jul/2020:02:55:17 +0000] "POST /api/news/cretae-news HTTP/1.1" 200 3 "-" "PostmanRuntime/7.26.2"
::1 - - [24/Jul/2020:02:55:23 +0000] "POST /api/news/cretae-news HTTP/1.1" 200 2 "-" "PostmanRuntime/7.26.2"
::1 - - [24/Jul/2020:02:56:15 +0000] "POST /api/news/cretae-news HTTP/1.1" 200 2 "-" "PostmanRuntime/7.26.2"
::1 - - [24/Jul/2020:02:56:20 +0000] "POST /api/news/cretae-news HTTP/1.1" 200 3 "-" "PostmanRuntime/7.26.2"
::1 - - [24/Jul/2020:02:56:48 +0000] "POST /api/news/cretae-news HTTP/1.1" 200 2 "-" "PostmanRuntime/7.26.2"
::1 - - [24/Jul/2020:02:56:51 +0000] "POST /api/news/cretae-news HTTP/1.1" 200 2 "-" "PostmanRuntime/7.26.2"
::1 - - [24/Jul/2020:02:57:08 +0000] "POST /api/news/cretae-news HTTP/1.1" 200 2 "-" "PostmanRuntime/7.26.2"
::1 - - [24/Jul/2020:02:57:14 +0000] "POST /api/news/cretae-news HTTP/1.1" 200 3 "-" "PostmanRuntime/7.26.2"
::1 - - [24/Jul/2020:05:22:12 +0000] "POST /api/news/cretae-news HTTP/1.1" 200 132 "-" "PostmanRuntime/7.26.2"
::1 - - [24/Jul/2020:05:23:41 +0000] "POST /api/news/cretae-news HTTP/1.1" 200 214 "-" "PostmanRuntime/7.26.2"
::1 - - [24/Jul/2020:05:25:26 +0000] "POST /api/news/cretae-news HTTP/1.1" 200 229 "-" "PostmanRuntime/7.26.2"
::1 - - [24/Jul/2020:05:25:33 +0000] "POST /api/news/cretae-news HTTP/1.1" 200 253 "-" "PostmanRuntime/7.26.2"
::1 - - [24/Jul/2020:05:28:18 +0000] "GET /api/news/news HTTP/1.1" 200 833 "-" "PostmanRuntime/7.26.2"
::1 - - [24/Jul/2020:05:31:36 +0000] "GET /api/news/news/5f1a70cd511f90517636f1c9 HTTP/1.1" 200 253 "-" "PostmanRuntime/7.26.2"
::1 - - [24/Jul/2020:05:32:29 +0000] "GET /api/news/news/5f1a70cd511f90517636f1cj HTTP/1.1" 400 124 "-" "PostmanRuntime/7.26.2"
::1 - - [24/Jul/2020:05:33:01 +0000] "GET /api/news/news/5f1a70cd511f90517636f1cj HTTP/1.1" 400 20 "-" "PostmanRuntime/7.26.2"
::1 - - [24/Jul/2020:05:33:32 +0000] "GET /api/news/news/5f1a70cd511f90517636f1c9 HTTP/1.1" 200 253 "-" "PostmanRuntime/7.26.2"
::1 - - [24/Jul/2020:05:33:38 +0000] "GET /api/news/news/5f1a70cd511f90517636f1c8 HTTP/1.1" 404 34 "-" "PostmanRuntime/7.26.2"
::1 - - [24/Jul/2020:05:33:45 +0000] "GET /api/news/news/5f1a70cd511f90517636f1cl HTTP/1.1" 400 20 "-" "PostmanRuntime/7.26.2"
::1 - - [24/Jul/2020:05:33:54 +0000] "GET /api/news/news/5f1a70cd511f90517636f1s5 HTTP/1.1" 400 20 "-" "PostmanRuntime/7.26.2"
::1 - - [24/Jul/2020:05:34:03 +0000] "GET /api/news/news/5f1a70cd511f90517636f1sc HTTP/1.1" 400 20 "-" "PostmanRuntime/7.26.2"
::1 - - [24/Jul/2020:05:34:06 +0000] "GET /api/news/news/5f1a70cd511f90517636f1sc8 HTTP/1.1" 400 20 "-" "PostmanRuntime/7.26.2"
::1 - - [24/Jul/2020:05:34:10 +0000] "GET /api/news/news/5f1a70cd511f90517636f1sc9 HTTP/1.1" 400 20 "-" "PostmanRuntime/7.26.2"
::1 - - [24/Jul/2020:05:34:57 +0000] "GET /api/news/news/5f1a70cd511f90517636f1c9 HTTP/1.1" 200 253 "-" "PostmanRuntime/7.26.2"
::1 - - [24/Jul/2020:05:35:04 +0000] "GET /api/news/news/5f1a70cd511f90517636f1o9 HTTP/1.1" 400 20 "-" "PostmanRuntime/7.26.2"
::1 - - [24/Jul/2020:05:35:09 +0000] "GET /api/news/news/5f1a70cd511f90517636f1c9 HTTP/1.1" 200 253 "-" "PostmanRuntime/7.26.2"
::1 - - [24/Jul/2020:05:35:17 +0000] "GET /api/news/news/5f1a70cd511f90517636f1c8 HTTP/1.1" 404 34 "-" "PostmanRuntime/7.26.2"
::1 - - [24/Jul/2020:05:35:20 +0000] "GET /api/news/news/5f1a70cd511f90517636f1c8 HTTP/1.1" 404 34 "-" "PostmanRuntime/7.26.2"
::1 - - [24/Jul/2020:05:35:24 +0000] "GET /api/news/news/5f1a70cd511f90517636f1c7 HTTP/1.1" 404 34 "-" "PostmanRuntime/7.26.2"
::1 - - [24/Jul/2020:05:35:28 +0000] "GET /api/news/news/5f1a70cd511f90517636f1cl HTTP/1.1" 400 20 "-" "PostmanRuntime/7.26.2"
::1 - - [24/Jul/2020:05:35:32 +0000] "GET /api/news/news/5f1a70cd511f90517636f1c7 HTTP/1.1" 404 34 "-" "PostmanRuntime/7.26.2"
::1 - - [24/Jul/2020:05:35:43 +0000] "GET /api/news/news/5f1a70cd511f90517636f1cp HTTP/1.1" 400 20 "-" "PostmanRuntime/7.26.2"
::1 - - [24/Jul/2020:05:35:48 +0000] "GET /api/news/news/5f1a70cd511f90517636f1c55 HTTP/1.1" 400 20 "-" "PostmanRuntime/7.26.2"
::1 - - [24/Jul/2020:05:35:52 +0000] "GET /api/news/news/5f1a70cd511f90517636f1c7 HTTP/1.1" 404 34 "-" "PostmanRuntime/7.26.2"
::1 - - [24/Jul/2020:05:36:42 +0000] "GET /api/news/news/5f1a70cd511f90517636f1c7 HTTP/1.1" 404 34 "-" "PostmanRuntime/7.26.2"
::1 - - [24/Jul/2020:05:36:47 +0000] "GET /api/news/news/5f1a70cd511f90517636f1c HTTP/1.1" 400 20 "-" "PostmanRuntime/7.26.2"
::1 - - [24/Jul/2020:05:38:03 +0000] "GET /api/news/news/5f1a70cd511f90517636f1c HTTP/1.1" 400 20 "-" "PostmanRuntime/7.26.2"
::1 - - [24/Jul/2020:05:38:15 +0000] "GET /api/news/news/5f1a70cd511f90517636f1c HTTP/1.1" 400 20 "-" "PostmanRuntime/7.26.2"
::1 - - [24/Jul/2020:05:38:31 +0000] "GET /api/news/news/5f1a70cd511f90517636f1c HTTP/1.1" 400 20 "-" "PostmanRuntime/7.26.2"
::1 - - [24/Jul/2020:05:40:06 +0000] "GET /api/news/news/asas HTTP/1.1" 400 20 "-" "PostmanRuntime/7.26.2"
::1 - - [24/Jul/2020:05:40:17 +0000] "GET /api/news/news/asas HTTP/1.1" 404 34 "-" "PostmanRuntime/7.26.2"
::1 - - [24/Jul/2020:05:40:22 +0000] "GET /api/news/news/sdsfddfegb HTTP/1.1" 404 34 "-" "PostmanRuntime/7.26.2"
::1 - - [24/Jul/2020:05:40:29 +0000] "GET /api/news/news/45616516lkjdnfviadblijb HTTP/1.1" 404 34 "-" "PostmanRuntime/7.26.2"
::1 - - [24/Jul/2020:05:41:02 +0000] "GET /api/news/news/45616516lkjdnfviadblijb HTTP/1.1" 404 34 "-" "PostmanRuntime/7.26.2"
::1 - - [24/Jul/2020:05:41:06 +0000] "GET /api/news/news/kufbavhsf HTTP/1.1" 404 34 "-" "PostmanRuntime/7.26.2"
::1 - - [24/Jul/2020:05:41:40 +0000] "GET /api/news/news/5f1a70cd511f90517636f1c9 HTTP/1.1" 200 253 "-" "PostmanRuntime/7.26.2"
::1 - - [24/Jul/2020:05:41:46 +0000] "GET /api/news/news/5f1a70cd511f90517636f19 HTTP/1.1" 400 20 "-" "PostmanRuntime/7.26.2"
::1 - - [24/Jul/2020:05:41:51 +0000] "GET /api/news/news/5f1a70cd511f90517636f1c HTTP/1.1" 400 20 "-" "PostmanRuntime/7.26.2"
::1 - - [24/Jul/2020:05:41:54 +0000] "GET /api/news/news/5f1a70cd511f90517636f1cd HTTP/1.1" 404 34 "-" "PostmanRuntime/7.26.2"
::1 - - [24/Jul/2020:05:41:59 +0000] "GET /api/news/news/5f1a70cd511f90517636f1cs HTTP/1.1" 400 20 "-" "PostmanRuntime/7.26.2"
::1 - - [24/Jul/2020:05:43:13 +0000] "GET /api/news/news/5f1a70cd511f90517636f1cs?q=5f1a70cd511f90517636f1c9 HTTP/1.1" 404 34 "-" "PostmanRuntime/7.26.2"
::1 - - [24/Jul/2020:05:43:18 +0000] "GET /api/news/news/5f1a70cd511f90517636f1cs?q=5f1a70cd511f90517636f1c HTTP/1.1" 404 34 "-" "PostmanRuntime/7.26.2"
::1 - - [24/Jul/2020:05:43:21 +0000] "GET /api/news/news/5f1a70cd511f90517636f1cs?q=5f1a70cd511f90517636f1csdsdcsfv HTTP/1.1" 404 34 "-" "PostmanRuntime/7.26.2"
::1 - - [24/Jul/2020:05:43:24 +0000] "GET /api/news/news/5f1a70cd511f90517636f1cs?q=5f1a70cd511f9051763dfv6f1csdsdcsfv HTTP/1.1" 404 34 "-" "PostmanRuntime/7.26.2"
::1 - - [24/Jul/2020:05:43:40 +0000] "GET /api/news/news/5f1a70cd511f90517636f1cs?q=5f1a70cd511f9051763dfv6f1csdsdcsfv HTTP/1.1" 404 177 "-" "PostmanRuntime/7.26.2"
::1 - - [24/Jul/2020:05:43:53 +0000] "GET /api/news/news/5f1a70cd511f90517636f1cs?q=5f1a70cd511f9051763dfv6f1csdsdcsfv HTTP/1.1" 404 177 "-" "PostmanRuntime/7.26.2"
::1 - - [24/Jul/2020:05:43:57 +0000] "GET /api/news/news/5f1a70cd511f90517636f1cs?q=5f1a70cd511f9051763dfv6f1csdsdcsfv HTTP/1.1" 404 34 "-" "PostmanRuntime/7.26.2"
::1 - - [24/Jul/2020:05:44:34 +0000] "GET /api/news/news/5f1a70cd511f90517636f1cs?q=5f1a70cd511f9051763dfv6f1csdsdcsfv HTTP/1.1" 400 20 "-" "PostmanRuntime/7.26.2"
::1 - - [24/Jul/2020:05:44:40 +0000] "GET /api/news/news/5f1a70cd511f90517636f1cs?= HTTP/1.1" 400 20 "-" "PostmanRuntime/7.26.2"
::1 - - [24/Jul/2020:05:44:45 +0000] "GET /api/news/news/5f1a70cd511f90517636f1c9 HTTP/1.1" 200 253 "-" "PostmanRuntime/7.26.2"
::ffff:127.0.0.1 - - [24/Jul/2020:05:45:55 +0000] "GET /api/news/news/5f1a70cd511f90517636f1c9 HTTP/1.1" 200 253 "-" "Mozilla/5.0 (X11; Ubuntu; Linux x86_64; rv:78.0) Gecko/20100101 Firefox/78.0"
::ffff:127.0.0.1 - - [24/Jul/2020:05:46:01 +0000] "GET /api/news/news/5f1a70cd511f90517636f1cs HTTP/1.1" 400 20 "-" "Mozilla/5.0 (X11; Ubuntu; Linux x86_64; rv:78.0) Gecko/20100101 Firefox/78.0"
::ffff:127.0.0.1 - - [24/Jul/2020:05:46:26 +0000] "GET /api/news/news5f1a70cd511f90517636f1cs HTTP/1.1" 400 20 "-" "Mozilla/5.0 (X11; Ubuntu; Linux x86_64; rv:78.0) Gecko/20100101 Firefox/78.0"
::ffff:127.0.0.1 - - [24/Jul/2020:05:46:37 +0000] "GET /api/news/news/5f1a70cd511f90517636f1cs HTTP/1.1" 404 177 "-" "Mozilla/5.0 (X11; Ubuntu; Linux x86_64; rv:78.0) Gecko/20100101 Firefox/78.0"
::ffff:127.0.0.1 - - [24/Jul/2020:05:46:49 +0000] "GET /api/news/news/5f1a70cd511f90517636f1cs HTTP/1.1" 400 20 "-" "Mozilla/5.0 (X11; Ubuntu; Linux x86_64; rv:78.0) Gecko/20100101 Firefox/78.0"
::1 - - [24/Jul/2020:05:52:16 +0000] "GET /api/news/news/5f1a70cd511f90517636f1c9 HTTP/1.1" - - "-" "PostmanRuntime/7.26.2"
::1 - - [24/Jul/2020:05:52:55 +0000] "GET /api/news/news/5f1a70cd511f90517636f1c9 HTTP/1.1" - - "-" "PostmanRuntime/7.26.2"
::1 - - [24/Jul/2020:05:53:21 +0000] "GET /api/news/news/5f1a70cd511f90517636f1c9 HTTP/1.1" 400 20 "-" "PostmanRuntime/7.26.2"
::1 - - [24/Jul/2020:05:53:35 +0000] "GET /api/news/news/5f1a70cd511f90517636f1c9 HTTP/1.1" 200 253 "-" "PostmanRuntime/7.26.2"
::1 - - [24/Jul/2020:05:55:16 +0000] "GET /api/news/news/5f1a70cd511f90517636f1c9 HTTP/1.1" 200 253 "-" "PostmanRuntime/7.26.2"
::1 - - [24/Jul/2020:05:55:24 +0000] "GET /api/news/news/5f1a70cd511f90517636c9 HTTP/1.1" 400 20 "-" "PostmanRuntime/7.26.2"
::1 - - [24/Jul/2020:05:55:27 +0000] "GET /api/news/news/5f1a70cd511f90517636 HTTP/1.1" 400 20 "-" "PostmanRuntime/7.26.2"
::1 - - [24/Jul/2020:06:00:42 +0000] "PUT /api/news/news/5f1a70cd511f90517636 HTTP/1.1" 400 - "-" "PostmanRuntime/7.26.2"
::1 - - [24/Jul/2020:06:01:35 +0000] "PUT /api/news/news/5f1a70cd511f90517636f1c9 HTTP/1.1" 200 246 "-" "PostmanRuntime/7.26.2"
::1 - - [24/Jul/2020:06:03:03 +0000] "PUT /api/news/news/5f1a70cd511f90517636f1c9 HTTP/1.1" 200 246 "-" "PostmanRuntime/7.26.2"
::1 - - [24/Jul/2020:06:06:28 +0000] "PUT /api/news/news/5f1a70cd511f90517636f1c9 HTTP/1.1" - - "-" "PostmanRuntime/7.26.2"
::1 - - [24/Jul/2020:06:07:48 +0000] "PUT /api/news/news/5f1a70cd511f90517636f1c9 HTTP/1.1" 200 235 "-" "PostmanRuntime/7.26.2"
::1 - - [24/Jul/2020:06:11:44 +0000] "PUT /api/news/news/5f1a70cd511f90517636f1c9 HTTP/1.1" 400 - "-" "PostmanRuntime/7.26.2"
::1 - - [24/Jul/2020:06:12:10 +0000] "PUT /api/news/news/5f1a70cd511f90517636f1c9 HTTP/1.1" 400 - "-" "PostmanRuntime/7.26.2"
::1 - - [24/Jul/2020:06:12:15 +0000] "PUT /api/news/news/5f1a70cd511f90517636f1c9 HTTP/1.1" 400 2 "-" "PostmanRuntime/7.26.2"
::1 - - [24/Jul/2020:06:12:25 +0000] "PUT /api/news/news/5f1a70cd511f90517636f1c9 HTTP/1.1" 400 2 "-" "PostmanRuntime/7.26.2"
::1 - - [24/Jul/2020:06:13:36 +0000] "PUT /api/news/news/5f1a70cd511f90517636f1c9 HTTP/1.1" 400 2 "-" "PostmanRuntime/7.26.2"
::1 - - [24/Jul/2020:06:14:18 +0000] "PUT /api/news/news/5f1a70cd511f90517636f1c9 HTTP/1.1" 400 2 "-" "PostmanRuntime/7.26.2"
::1 - - [24/Jul/2020:06:15:44 +0000] "PUT /api/news/news/5f1a70cd511f90517636f1c9 HTTP/1.1" 200 - "-" "PostmanRuntime/7.26.2"
::1 - - [24/Jul/2020:06:16:02 +0000] "PUT /api/news/news/5f1a70cd511f90517636f1c9 HTTP/1.1" 200 - "-" "PostmanRuntime/7.26.2"
::1 - - [24/Jul/2020:06:16:25 +0000] "PUT /api/news/news/5f1a70cd511f90517636f1c9 HTTP/1.1" 200 - "-" "PostmanRuntime/7.26.2"
::1 - - [24/Jul/2020:06:16:31 +0000] "PUT /api/news/news/5f1a70cd511f90517636f1c9 HTTP/1.1" 200 - "-" "PostmanRuntime/7.26.2"
::1 - - [24/Jul/2020:06:17:06 +0000] "PUT /api/news/news/5f1a70cd511f90517636f1c9 HTTP/1.1" 200 - "-" "PostmanRuntime/7.26.2"
::1 - - [24/Jul/2020:06:17:46 +0000] "PUT /api/news/news/5f1a70cd511f90517636f1c9 HTTP/1.1" 400 59 "-" "PostmanRuntime/7.26.2"
::1 - - [24/Jul/2020:06:18:10 +0000] "PUT /api/news/news/5f1a70cd511f90517636f1c9 HTTP/1.1" 400 2 "-" "PostmanRuntime/7.26.2"
::1 - - [24/Jul/2020:06:18:34 +0000] "PUT /api/news/news/5f1a70cd511f90517636f1c9 HTTP/1.1" 400 2 "-" "PostmanRuntime/7.26.2"
::1 - - [24/Jul/2020:06:18:42 +0000] "PUT /api/news/news/5f1a70cd511f90517636f1c9 HTTP/1.1" 200 - "-" "PostmanRuntime/7.26.2"
