::ffff:127.0.0.1 - - [21/Jul/2020:02:24:57 +0000] "GET /api/auth HTTP/1.1" 304 - "-" "Mozilla/5.0 (X11; Ubuntu; Linux x86_64; rv:78.0) Gecko/20100101 Firefox/78.0"
::ffff:127.0.0.1 - - [21/Jul/2020:02:25:01 +0000] "GET /api/auth HTTP/1.1" 304 - "-" "Mozilla/5.0 (X11; Ubuntu; Linux x86_64; rv:78.0) Gecko/20100101 Firefox/78.0"
::1 - - [21/Jul/2020:02:50:00 +0000] "POST /api/auth/register HTTP/1.1" 200 2 "-" "PostmanRuntime/7.26.1"
::1 - - [21/Jul/2020:02:50:07 +0000] "POST /api/auth/register HTTP/1.1" 200 2 "-" "PostmanRuntime/7.26.1"
::1 - - [21/Jul/2020:02:50:19 +0000] "POST /api/auth/register HTTP/1.1" 200 2 "-" "PostmanRuntime/7.26.1"
::1 - - [21/Jul/2020:02:50:21 +0000] "POST /api/auth/register HTTP/1.1" 200 2 "-" "PostmanRuntime/7.26.1"
::1 - - [21/Jul/2020:02:50:49 +0000] "POST /api/auth/register HTTP/1.1" 200 2 "-" "PostmanRuntime/7.26.1"
::1 - - [21/Jul/2020:02:51:43 +0000] "POST /api/auth/register HTTP/1.1" 200 2 "-" "PostmanRuntime/7.26.1"
::1 - - [21/Jul/2020:02:52:17 +0000] "POST /api/auth/register HTTP/1.1" 400 2 "-" "PostmanRuntime/7.26.1"
::1 - - [21/Jul/2020:02:52:34 +0000] "POST /api/auth/register HTTP/1.1" 400 2 "-" "PostmanRuntime/7.26.1"
::1 - - [21/Jul/2020:02:53:47 +0000] "POST /api/auth/register HTTP/1.1" 400 29 "-" "PostmanRuntime/7.26.1"
::1 - - [21/Jul/2020:02:54:04 +0000] "POST /api/auth/register HTTP/1.1" 400 19 "-" "PostmanRuntime/7.26.1"
::1 - - [21/Jul/2020:03:01:10 +0000] "POST /api/auth/register HTTP/1.1" 400 221 "-" "PostmanRuntime/7.26.1"
::1 - - [21/Jul/2020:03:07:24 +0000] "POST /api/auth/register HTTP/1.1" 400 272 "-" "PostmanRuntime/7.26.1"
::1 - - [21/Jul/2020:03:07:48 +0000] "POST /api/auth/register HTTP/1.1" - - "-" "PostmanRuntime/7.26.1"
::1 - - [21/Jul/2020:03:10:25 +0000] "POST /api/auth/register HTTP/1.1" 400 25 "-" "PostmanRuntime/7.26.1"
::1 - - [21/Jul/2020:03:10:31 +0000] "POST /api/auth/register HTTP/1.1" 200 273 "-" "PostmanRuntime/7.26.1"
::1 - - [21/Jul/2020:03:10:38 +0000] "POST /api/auth/register HTTP/1.1" 400 25 "-" "PostmanRuntime/7.26.1"
::1 - - [21/Jul/2020:03:18:50 +0000] "POST /api/auth/register HTTP/1.1" 400 2 "-" "PostmanRuntime/7.26.1"
::1 - - [21/Jul/2020:03:19:12 +0000] "POST /api/auth/register HTTP/1.1" 400 2 "-" "PostmanRuntime/7.26.1"
::1 - - [21/Jul/2020:03:19:49 +0000] "POST /api/auth/register HTTP/1.1" 400 2 "-" "PostmanRuntime/7.26.1"
::1 - - [21/Jul/2020:03:20:06 +0000] "POST /api/auth/register HTTP/1.1" 400 2 "-" "PostmanRuntime/7.26.1"
::1 - - [21/Jul/2020:03:20:56 +0000] "POST /api/auth/register HTTP/1.1" 200 274 "-" "PostmanRuntime/7.26.1"
::1 - - [21/Jul/2020:03:21:39 +0000] "POST /api/auth/register HTTP/1.1" - - "-" "PostmanRuntime/7.26.1"
::1 - - [21/Jul/2020:03:22:05 +0000] "POST /api/auth/register HTTP/1.1" 400 25 "-" "PostmanRuntime/7.26.1"
::1 - - [21/Jul/2020:03:22:16 +0000] "POST /api/auth/register HTTP/1.1" - - "-" "PostmanRuntime/7.26.1"
::1 - - [21/Jul/2020:03:23:15 +0000] "POST /api/auth/register HTTP/1.1" 400 25 "-" "PostmanRuntime/7.26.1"
::1 - - [21/Jul/2020:03:23:20 +0000] "POST /api/auth/register HTTP/1.1" 200 451 "-" "PostmanRuntime/7.26.1"
::1 - - [21/Jul/2020:03:23:57 +0000] "POST /api/auth/register HTTP/1.1" 400 25 "-" "PostmanRuntime/7.26.1"
::1 - - [21/Jul/2020:04:12:02 +0000] "POST /api/auth/register HTTP/1.1" - - "-" "PostmanRuntime/7.26.1"
::1 - - [21/Jul/2020:04:12:02 +0000] "POST /api/auth/register HTTP/1.1" - - "-" "PostmanRuntime/7.26.1"
::1 - - [21/Jul/2020:22:29:25 +0000] "POST /api/auth/register HTTP/1.1" 200 - "-" "PostmanRuntime/7.26.1"
::1 - - [21/Jul/2020:22:31:59 +0000] "POST /api/auth/recovery HTTP/1.1" 200 2 "-" "PostmanRuntime/7.26.1"
::1 - - [21/Jul/2020:22:37:25 +0000] "POST /api/auth/recovery HTTP/1.1" 200 2 "-" "PostmanRuntime/7.26.1"
::1 - - [21/Jul/2020:22:40:41 +0000] "POST /api/auth/recovery HTTP/1.1" 200 2 "-" "PostmanRuntime/7.26.1"
::1 - - [21/Jul/2020:22:41:31 +0000] "POST /api/auth/recovery HTTP/1.1" 200 2 "-" "PostmanRuntime/7.26.1"
::ffff:127.0.0.1 - - [21/Jul/2020:22:42:16 +0000] "GET /reset/eyJhbGciOiJIUzI1NiIsInR5cCI6IkpXVCJ9.eyJfaWQiOiI1ZjE3NmM0NDZlMmNkYjRjYjdiMjE4MjUiLCJpYXQiOjE1OTUzNzEyOTF9.aa0K_-tnFTndv6O5-KIKjPaEEyaPw0IXlfueE_26Sb4 HTTP/1.1" 404 294 "-" "Mozilla/5.0 (X11; Ubuntu; Linux x86_64; rv:78.0) Gecko/20100101 Firefox/78.0"
::ffff:127.0.0.1 - - [21/Jul/2020:22:43:36 +0000] "GET /reset/eyJhbGciOiJIUzI1NiIsInR5cCI6IkpXVCJ9.eyJfaWQiOiI1ZjE3NmM0NDZlMmNkYjRjYjdiMjE4MjUiLCJpYXQiOjE1OTUzNzEyOTF9.aa0K_-tnFTndv6O5-KIKjPaEEyaPw0IXlfueE_26Sb4 HTTP/1.1" 404 294 "-" "Mozilla/5.0 (X11; Ubuntu; Linux x86_64; rv:78.0) Gecko/20100101 Firefox/78.0"
::1 - - [21/Jul/2020:22:49:23 +0000] "POST /api/auth/reset/eyJhbGciOiJIUzI1NiIsInR5cCI6IkpXVCJ9.eyJfaWQiOiI1ZjE3NmM0NDZlMmNkYjRjYjdiMjE4MjUiLCJpYXQiOjE1OTUzNzEyOTF9.aa0K_-tnFTndv6O5-KIKjPaEEyaPw0IXlfueE_26Sb4 HTTP/1.1" 200 2 "-" "PostmanRuntime/7.26.1"
::1 - - [21/Jul/2020:22:51:43 +0000] "POST /api/auth/recovery HTTP/1.1" 400 403 "-" "PostmanRuntime/7.26.1"
::1 - - [21/Jul/2020:22:52:34 +0000] "POST /api/auth/recovery HTTP/1.1" 404 25 "-" "PostmanRuntime/7.26.1"
::1 - - [21/Jul/2020:22:52:40 +0000] "POST /api/auth/register HTTP/1.1" 200 - "-" "PostmanRuntime/7.26.1"
::1 - - [21/Jul/2020:22:52:46 +0000] "POST /api/auth/recovery HTTP/1.1" 200 2 "-" "PostmanRuntime/7.26.1"
::1 - - [21/Jul/2020:22:55:14 +0000] "POST /api/auth/recovery HTTP/1.1" 200 2 "-" "PostmanRuntime/7.26.1"
::1 - - [21/Jul/2020:22:56:35 +0000] "POST /api/auth/recovery HTTP/1.1" 200 2 "-" "PostmanRuntime/7.26.1"
::1 - - [21/Jul/2020:22:58:10 +0000] "POST /api/auth/reset/eyJhbGciOiJIUzI1NiIsInR5cCI6IkpXVCJ9.eyJfaWQiOiI1ZjE3NzFiN2U1NzcwODUyOGNjNTI3YmEiLCJpYXQiOjE1OTUzNzIxOTV9.IAXX0GPqa_E2e03Qo7buLGkji_AqML2T32qqfWK6VQo HTTP/1.1" - - "-" "PostmanRuntime/7.26.1"
::1 - - [21/Jul/2020:23:03:51 +0000] "POST /api/auth/reset/eyJhbGciOiJIUzI1NiIsInR5cCI6IkpXVCJ9.eyJfaWQiOiI1ZjE3NzFiN2U1NzcwODUyOGNjNTI3YmEiLCJpYXQiOjE1OTUzNzIxOTV9.IAXX0GPqa_E2e03Qo7buLGkji_AqML2T32qqfWK6VQo HTTP/1.1" - - "-" "PostmanRuntime/7.26.1"
::1 - - [21/Jul/2020:23:04:24 +0000] "POST /api/auth/reset/eyJhbGciOiJIUzI1NiIsInR5cCI6IkpXVCJ9.eyJfaWQiOiI1ZjE3NzFiN2U1NzcwODUyOGNjNTI3YmEiLCJpYXQiOjE1OTUzNzIxOTV9.IAXX0GPqa_E2e03Qo7buLGkji_AqML2T32qqfWK6VQo HTTP/1.1" 400 2 "-" "PostmanRuntime/7.26.1"
::1 - - [21/Jul/2020:23:04:52 +0000] "POST /api/auth/reset/eyJhbGciOiJIUzI1NiIsInR5cCI6IkpXVCJ9.eyJfaWQiOiI1ZjE3NzFiN2U1NzcwODUyOGNjNTI3YmEiLCJpYXQiOjE1OTUzNzIxOTV9.IAXX0GPqa_E2e03Qo7buLGkji_AqML2T32qqfWK6VQo HTTP/1.1" 400 2 "-" "PostmanRuntime/7.26.1"
::1 - - [21/Jul/2020:23:05:12 +0000] "POST /api/auth/reset/eyJhbGciOiJIUzI1NiIsInR5cCI6IkpXVCJ9.eyJfaWQiOiI1ZjE3NzFiN2U1NzcwODUyOGNjNTI3YmEiLCJpYXQiOjE1OTUzNzIxOTV9.IAXX0GPqa_E2e03Qo7buLGkji_AqML2T32qqfWK6VQo HTTP/1.1" 400 2 "-" "PostmanRuntime/7.26.1"
::1 - - [21/Jul/2020:23:05:44 +0000] "POST /api/auth/reset/eyJhbGciOiJIUzI1NiIsInR5cCI6IkpXVCJ9.eyJfaWQiOiI1ZjE3NzFiN2U1NzcwODUyOGNjNTI3YmEiLCJpYXQiOjE1OTUzNzIxOTV9.IAXX0GPqa_E2e03Qo7buLGkji_AqML2T32qqfWK6VQo HTTP/1.1" 400 2 "-" "PostmanRuntime/7.26.1"
::1 - - [21/Jul/2020:23:05:55 +0000] "POST /api/auth/reset/eyJhbGciOiJIUzI1NiIsInR5cCI6IkpXVCJ9.eyJfaWQiOiI1ZjE3NzFiN2U1NzcwODUyOGNjNTI3YmEiLCJpYXQiOjE1OTUzNzIxOTV9.IAXX0GPqa_E2e03Qo7buLGkji_AqML2T32qqfWK6VQo HTTP/1.1" 400 2 "-" "PostmanRuntime/7.26.1"
::1 - - [21/Jul/2020:23:06:44 +0000] "POST /api/auth/reset/eyJhbGciOiJIUzI1NiIsInR5cCI6IkpXVCJ9.eyJfaWQiOiI1ZjE3NzFiN2U1NzcwODUyOGNjNTI3YmEiLCJpYXQiOjE1OTUzNzIxOTV9.IAXX0GPqa_E2e03Qo7buLGkji_AqML2T32qqfWK6VQo HTTP/1.1" 400 2 "-" "PostmanRuntime/7.26.1"
::1 - - [21/Jul/2020:23:07:19 +0000] "POST /api/auth/reset/eyJhbGciOiJIUzI1NiIsInR5cCI6IkpXVCJ9.eyJfaWQiOiI1ZjE3NzFiN2U1NzcwODUyOGNjNTI3YmEiLCJpYXQiOjE1OTUzNzIxOTV9.IAXX0GPqa_E2e03Qo7buLGkji_AqML2T32qqfWK6VQo HTTP/1.1" 200 2 "-" "PostmanRuntime/7.26.1"
::1 - - [21/Jul/2020:23:07:49 +0000] "POST /api/auth/reset/eyJhbGciOiJIUzI1NiIsInR5cCI6IkpXVCJ9.eyJfaWQiOiI1ZjE3NzFiN2U1NzcwODUyOGNjNTI3YmEiLCJpYXQiOjE1OTUzNzIxOTV9.IAXX0GPqa_E2e03Qo7buLGkji_AqML2T32qqfWK6VQo HTTP/1.1" 200 2 "-" "PostmanRuntime/7.26.1"
::1 - - [21/Jul/2020:23:14:35 +0000] "POST /api/auth/reset/eyJhbGciOiJIUzI1NiIsInR5cCI6IkpXVCJ9.eyJfaWQiOiI1ZjE3NzFiN2U1NzcwODUyOGNjNTI3YmEiLCJpYXQiOjE1OTUzNzIxOTV9.IAXX0GPqa_E2e03Qo7buLGkji_AqML2T32qqfWK6VQo HTTP/1.1" 200 2 "-" "PostmanRuntime/7.26.1"
::1 - - [21/Jul/2020:23:15:10 +0000] "POST /api/auth/reset/eyJhbGciOiJIUzI1NiIsInR5cCI6IkpXVCJ9.eyJfaWQiOiI1ZjE3NzFiN2U1NzcwODUyOGNjNTI3YmEiLCJpYXQiOjE1OTUzNzIxOTV9.IAXX0GPqa_E2e03Qo7buLGkji_AqML2T32qqfWK6VQo HTTP/1.1" 400 26 "-" "PostmanRuntime/7.26.1"
